I'm dead. tactical, [5]
   1: Player 5 launched 63 (left 0) ships from planet 5 to planet 20
   6: Player 5 launched 36 (left 0) ships from planet 20 to planet 2
  10: Player 5 launched 31 (left 0) ships from planet 2 to planet 13
  18: Player 5 launched 51 (left 0) ships from planet 5 to planet 23
  28: Player 5 launched 88 (left 0) ships from planet 20 to planet 8
  32: Player 5 launched 42 (left 0) ships from planet 5 to planet 11
  43: Player 5 launched 63 (left 0) ships from planet 23 to planet 15
  45: Player 5 launched 66 (left 0) ships from planet 13 to planet 19
  52: Player 5 launched 81 (left 0) ships from planet 20 to planet 7
  60: Player 5 launched 84 (left 0) ships from planet 5 to planet 18
  70: Player 5 launched 124 (left 0) ships from planet 15 to planet 12
  79: Player 5 launched 159 (left 0) ships from planet 11 to planet 1
  87: Player 5 launched 140 (left 0) ships from planet 20 to planet 2
  91: Player 5 launched 149 (left 0) ships from planet 1 to planet 6
  99: Player 5 launched 175 (left 0) ships from planet 2 to planet 1
 108: Player 5 launched 170 (left 0) ships from planet 1 to planet 10
 116: Player 5 launched 184 (left 0) ships from planet 15 to planet 16
 126: Player 5 launched 207 (left 0) ships from planet 7 to planet 2
 131: Player 5 launched 213 (left 0) ships from planet 5 to planet 1
 141: Player 5 launched 248 (left 0) ships from planet 11 to planet 3
 153: Player 5 launched 291 (left 0) ships from planet 10 to planet 22
 155: Player 5 launched 272 (left 0) ships from planet 20 to planet 1
 166: Player 5 launched 267 (left 0) ships from planet 1 to planet 6
 174: Player 5 launched 254 (left 0) ships from planet 19 to planet 14
 179: Player 5 launched 255 (left 0) ships from planet 6 to planet 4
 183: Player 5 launched 268 (left 0) ships from planet 15 to planet 3
 197: Player 5 launched 286 (left 0) ships from planet 8 to planet 15
 210: Player 5 launched 317 (left 0) ships from planet 14 to planet 17
 220: Player 5 launched 330 (left 0) ships from planet 18 to planet 21
 232: Player 5 launched 386 (left 0) ships from planet 2 to planet 9
 253: I won! tactical [5]
